<?xml version="1.0" encoding="UTF-8"?>
<!-- Generated by org.testng.reporters.JUnitReportReporter -->
<testsuite hostname="DESKTOP-IGQ2NS2" failures="0" tests="1" name="sauce.TestCases.LoginTC_001" time="12.113" errors="0" timestamp="28 Jun 2020 07:02:58 GMT" skipped="0">
  <testcase classname="sauce.TestCases.LoginTC_001" name="loginTest" time="12.113"/>
</testsuite> <!-- sauce.TestCases.LoginTC_001 -->
