<?xml version="1.0" encoding="UTF-8"?>
<!-- Generated by org.testng.reporters.JUnitReportReporter -->
<testsuite hostname="DESKTOP-IGQ2NS2" failures="0" tests="1" name="sauce.TestCases.LoginTC_001" time="6.470" errors="0" timestamp="09 Jun 2020 22:12:39 GMT" skipped="0">
  <testcase classname="sauce.TestCases.LoginTC_001" name="loginTest" time="6.470"/>
</testsuite> <!-- sauce.TestCases.LoginTC_001 -->
